<?xml version="1.0" encoding="UTF-8"?>
<testng-results ignored="0" total="1" passed="1" failed="0" skipped="0">
  <reporter-output>
  </reporter-output>
  <suite started-at="2020-03-08T14:16:07 IST" name="Default suite" finished-at="2020-03-08T14:16:10 IST" duration-ms="2297">
    <groups>
    </groups>
    <test started-at="2020-03-08T14:16:07 IST" name="Default test" finished-at="2020-03-08T14:16:10 IST" duration-ms="2297">
      <class name="com.qa.test.GetCallBDD">
        <test-method signature="testNumberOfCircuits_2017()[pri:0, instance:com.qa.test.GetCallBDD@7ea37dbf]" started-at="2020-03-08T14:16:07 IST" name="testNumberOfCircuits_2017" finished-at="2020-03-08T14:16:10 IST" duration-ms="2267" status="PASS">
          <reporter-output>
          </reporter-output>
        </test-method> <!-- testNumberOfCircuits_2017 -->
      </class> <!-- com.qa.test.GetCallBDD -->
    </test> <!-- Default test -->
  </suite> <!-- Default suite -->
</testng-results>
